0 info it worked if it ends with ok
1 verbose cli [ '/usr/local/Cellar/node/7.7.3/bin/node',
1 verbose cli   '/usr/local/bin/npm',
1 verbose cli   'run',
1 verbose cli   'build' ]
2 info using npm@4.1.2
3 info using node@v7.7.3
4 verbose run-script [ 'prebuild', 'build', 'postbuild' ]
5 info lifecycle movieUI@1.0.0~prebuild: movieUI@1.0.0
6 silly lifecycle movieUI@1.0.0~prebuild: no script for prebuild, continuing
7 info lifecycle movieUI@1.0.0~build: movieUI@1.0.0
8 verbose lifecycle movieUI@1.0.0~build: unsafe-perm in lifecycle true
9 verbose lifecycle movieUI@1.0.0~build: PATH: /usr/local/lib/node_modules/npm/bin/node-gyp-bin:/Users/Chris/codeLab/movieUI+/node_modules/.bin:/Users/Chris/codeLab/movieUI+/node_modules/.bin:/Users/Chris/.config/yarn/link/node_modules/.bin:/Users/Chris/codeLab/movieUI+/node_modules/.bin:/Users/Chris/.config/yarn/link/node_modules/.bin:/usr/local/Cellar/yarn/0.21.3/libexec/lib/node_modules/yarn/bin/node-gyp-bin:/usr/local/sbin:/Library/Java/JavaVirtualMachines/jdk1.8.0_112.jdk/Contents/Home/bin:/usr/local/bin:/usr/bin:/bin:/usr/sbin:/sbin:/opt/X11/bin:/usr/local/git/bin
10 verbose lifecycle movieUI@1.0.0~build: CWD: /Users/Chris/codeLab/movieUI+
11 silly lifecycle movieUI@1.0.0~build: Args: [ '-c', 'webpack -p' ]
12 silly lifecycle movieUI@1.0.0~build: Returned: code: 1  signal: null
13 info lifecycle movieUI@1.0.0~build: Failed to exec build script
14 verbose stack Error: movieUI@1.0.0 build: `webpack -p`
14 verbose stack Exit status 1
14 verbose stack     at EventEmitter.<anonymous> (/usr/local/lib/node_modules/npm/lib/utils/lifecycle.js:279:16)
14 verbose stack     at emitTwo (events.js:106:13)
14 verbose stack     at EventEmitter.emit (events.js:194:7)
14 verbose stack     at ChildProcess.<anonymous> (/usr/local/lib/node_modules/npm/lib/utils/spawn.js:40:14)
14 verbose stack     at emitTwo (events.js:106:13)
14 verbose stack     at ChildProcess.emit (events.js:194:7)
14 verbose stack     at maybeClose (internal/child_process.js:899:16)
14 verbose stack     at Process.ChildProcess._handle.onexit (internal/child_process.js:226:5)
15 verbose pkgid movieUI@1.0.0
16 verbose cwd /Users/Chris/codeLab/movieUI+
17 error Darwin 15.2.0
18 error argv "/usr/local/Cellar/node/7.7.3/bin/node" "/usr/local/bin/npm" "run" "build"
19 error node v7.7.3
20 error npm  v4.1.2
21 error code ELIFECYCLE
22 error movieUI@1.0.0 build: `webpack -p`
22 error Exit status 1
23 error Failed at the movieUI@1.0.0 build script 'webpack -p'.
23 error Make sure you have the latest version of node.js and npm installed.
23 error If you do, this is most likely a problem with the movieUI package,
23 error not with npm itself.
23 error Tell the author that this fails on your system:
23 error     webpack -p
23 error You can get information on how to open an issue for this project with:
23 error     npm bugs movieUI
23 error Or if that isn't available, you can get their info via:
23 error     npm owner ls movieUI
23 error There is likely additional logging output above.
24 verbose exit [ 1, true ]
